#
# A fatal error has been detected by the Java Runtime Environment:
#
#  EXCEPTION_ACCESS_VIOLATION (0xc0000005) at pc=0x0000025f66b84113, pid=18772, tid=4880
#
# JRE version: OpenJDK Runtime Environment (11.0.10) (build 11.0.10+0-b96-7249189)
# Java VM: OpenJDK 64-Bit Server VM (11.0.10+0-b96-7249189, mixed mode, tiered, compressed oops, g1 gc, windows-amd64)
# Problematic frame:
# v  ~BufferBlob::I2C/C2I adapters
#
# No core dump will be written. Minidumps are not enabled by default on client versions of Windows
#
# If you would like to submit a bug report, please visit:
#   https://bugreport.java.com/bugreport/crash.jsp
#

---------------  S U M M A R Y ------------

Command Line: org.jetbrains.git4idea.http.GitAskPassApp Username for 'https://github.com': 

Host: AMD Ryzen 7 1700 Eight-Core Processor          , 16 cores, 15G,  Windows 10 , 64 bit Build 19041 (10.0.19041.1151)
Time: Wed Sep 15 19:39:32 2021 RTZ 2 (зима) elapsed time: 0.179208 seconds (0d 0h 0m 0s)

---------------  T H R E A D  ---------------

Current thread (0x0000025f6305b800):  JavaThread "main" [_thread_in_Java, id=4880, stack(0x0000009444d00000,0x0000009444e00000)]

Stack: [0x0000009444d00000,0x0000009444e00000],  sp=0x0000009444dfd1e8,  free space=1012k
Native frames: (J=compiled Java code, j=interpreted, Vv=VM code, C=native code)
C  0x0000025f66b84113


siginfo: EXCEPTION_ACCESS_VIOLATION (0xc0000005), reading address 0xffffffffffffffff


Register to memory mapping:

RIP=0x0000025f66b84113 is at code_begin+19 in an AdapterHandler
Adapter for signature: 0x0000025f66b84113 is at code_begin+19 in 
[CodeBlob (0x0000025f66b84090)]
Framesize: 0
BufferBlob (0x0000025f66b84090) used for I2C/C2I adapters
RAX=0x0000009444dfd1f8 is pointing into the stack for thread: 0x0000025f6305b800
RBX={method} {0x0000025f031cc640} 'readLine' '([BII)I' in 'java/util/jar/Manifest$FastInputStream'
RCX=0x0000000710d59f58 is an oop: java.util.jar.Manifest$FastInputStream 
{0x0000000710d59f58} - klass: 'java/util/jar/Manifest$FastInputStream'
RDX=0x0 is NULL
RSP=0x0000009444dfd1e8 is pointing into the stack for thread: 0x0000025f6305b800
RBP=0x0000009444dfd268 is pointing into the stack for thread: 0x0000025f6305b800
RSI=0x0000000000000045 is an unknown value
RDI=0x0000000000003187 is an unknown value
R8 =0x0000000000000004 is an unknown value
R9 =0x0 is NULL
R10=0x00007fff087c4f40 jvm.dll
R11=0x0000025f672efde0 is at entry_point+32 in (nmethod*)0x0000025f672efb90
R12=0x0 is NULL
R13=0x0000009444dfd200 is pointing into the stack for thread: 0x0000025f6305b800
R14=0x0 is NULL
R15=0x0000025f6305b800 is a thread


Registers:
RAX=0x0000009444dfd1f8, RBX=0x0000025f031cc638, RCX=0x0000000710d59f58, RDX=0x0000000000000000
RSP=0x0000009444dfd1e8, RBP=0x0000009444dfd268, RSI=0x0000000000000045, RDI=0x0000000000003187
R8 =0x0000000000000004, R9 =0x0000000000000000, R10=0x00007fff087c4f40, R11=0x0000025f672efde0
R12=0x0000000000000000, R13=0x0000009444dfd200, R14=0x0000000000000000, R15=0x0000025f6305b800
RIP=0x0000025f66b84113, EFLAGS=0x0000000000010206

Top of Stack: (sp=0x0000009444dfd1e8)
0x0000009444dfd1e8:   0000025f66b59b40 0000000000000045
0x0000009444dfd1f8:   0000025f66b59b40 0000000000000200
0x0000009444dfd208:   0000000000000000 0000000710d5bf88
0x0000009444dfd218:   0000000710d59f58 0000009444dfd220
0x0000009444dfd228:   0000025f031cc7a5 0000009444dfd280
0x0000009444dfd238:   0000025f031ccba8 0000000000000000
0x0000009444dfd248:   0000000710e30f68 0000025f031cc7d0
0x0000009444dfd258:   0000009444dfd200 0000009444dfd278
0x0000009444dfd268:   0000009444dfd2d0 0000025f66b59b40
0x0000009444dfd278:   0000000710d5bf88 0000000710d59f58
0x0000009444dfd288:   0000009444dfd288 0000025f031cb01f
0x0000009444dfd298:   0000009444dfd330 0000025f031cb378
0x0000009444dfd2a8:   0000000000000000 0000000710e30e38
0x0000009444dfd2b8:   0000025f031cb280 0000009444dfd278
0x0000009444dfd2c8:   0000009444dfd320 0000009444dfd380
0x0000009444dfd2d8:   0000025f66b5a127 0000000710c7f800 

Instructions: (pc=0x0000025f66b84113)
0x0000025f66b84013:   89 74 24 10 48 89 4c 24 08 48 8b 4b 30 ff e1 f4
0x0000025f66b84023:   f4 f4 f4 f4 f4 00 00 00 00 00 00 00 00 00 00 00
0x0000025f66b84033:   00 00 00 00 00 00 00 00 00 00 00 00 00 00 00 00
0x0000025f66b84043:   00 00 00 00 00 00 00 00 00 00 00 00 00 00 00 00
0x0000025f66b84053:   00 00 00 00 00 00 00 00 00 00 00 00 00 00 00 00
0x0000025f66b84063:   00 00 00 00 00 00 00 00 00 00 00 00 00 00 00 00
0x0000025f66b84073:   00 00 00 00 00 00 00 00 00 00 00 00 00 05 00 00
0x0000025f66b84083:   00 00 00 00 00 01 00 00 00 00 00 00 00 70 50 5b
0x0000025f66b84093:   08 ff 7f 00 00 00 00 00 00 08 02 00 00 68 00 00
0x0000025f66b840a3:   00 ff ff ff ff 08 02 00 00 00 00 00 00 00 41 b8
0x0000025f66b840b3:   66 5f 02 00 00 98 42 b8 66 5f 02 00 00 00 41 b8
0x0000025f66b840c3:   66 5f 02 00 00 98 42 b8 66 5f 02 00 00 f8 40 b8
0x0000025f66b840d3:   66 5f 02 00 00 00 41 b8 66 5f 02 00 00 00 00 00
0x0000025f66b840e3:   00 00 00 00 00 00 00 00 00 00 00 00 00 a8 57 5b
0x0000025f66b840f3:   08 ff 7f 00 00 4f 64 13 64 92 60 00 00 48 8b 04
0x0000025f66b84103:   24 4c 8b dc 48 83 e4 f0 50 49 8b c3 4c 8b 5b 38
0x0000025f66b84113:   48 8b 50 20 4c 8b 40 18 44 8b 48 10 8b 78 08 49
0x0000025f66b84123:   89 9f 80 03 00 00 48 8b c3 41 ff e3 8b 5a 08 49
0x0000025f66b84133:   bc 00 00 00 00 08 00 00 00 49 03 dc 4d 33 e4 48
0x0000025f66b84143:   3b 58 08 48 8b 18 0f 84 05 00 00 00 e9 ac 1c ff
0x0000025f66b84153:   ff 48 81 7b 40 00 00 00 00 0f 84 0b 01 00 00 e9
0x0000025f66b84163:   99 1c ff ff 48 81 7b 40 00 00 00 00 0f 84 f8 00
0x0000025f66b84173:   00 00 4c 8b ec 48 8b 04 24 48 83 e4 f0 9c 48 83
0x0000025f66b84183:   ec 08 48 89 64 24 d8 48 81 ec 80 00 00 00 48 89
0x0000025f66b84193:   44 24 78 48 89 4c 24 70 48 89 54 24 68 48 89 5c
0x0000025f66b841a3:   24 60 48 89 6c 24 50 48 89 74 24 48 48 89 7c 24
0x0000025f66b841b3:   40 4c 89 44 24 38 4c 89 4c 24 30 4c 89 54 24 28
0x0000025f66b841c3:   4c 89 5c 24 20 4c 89 64 24 18 4c 89 6c 24 10 4c
0x0000025f66b841d3:   89 74 24 08 4c 89 3c 24 48 81 ec 80 0a 00 00 48
0x0000025f66b841e3:   0f ae 04 24 c5 f8 77 48 83 ec 20 48 8b cb 48 8b
0x0000025f66b841f3:   d0 49 ba 00 7d 40 08 ff 7f 00 00 41 ff d2 48 83
0x0000025f66b84203:   c4 20 c5 f8 77 48 0f ae 0c 24 48 81 c4 80 0a 00 


Stack slot to memory mapping:
stack at sp + 0 slots: 0x0000025f66b59b40 is at code_begin+832 in an Interpreter codelet
invoke return entry points  [0x0000025f66b59800, 0x0000025f66b5a200]  2560 bytes
stack at sp + 1 slots: 0x0000000000000045 is an unknown value
stack at sp + 2 slots: 0x0000025f66b59b40 is at code_begin+832 in an Interpreter codelet
invoke return entry points  [0x0000025f66b59800, 0x0000025f66b5a200]  2560 bytes
stack at sp + 3 slots: 0x0000000000000200 is an unknown value
stack at sp + 4 slots: 0x0 is NULL
stack at sp + 5 slots: 0x0000000710d5bf88 is an oop: [B 
{0x0000000710d5bf88} - klass: {type array byte}
 - length: 512
stack at sp + 6 slots: 0x0000000710d59f58 is an oop: java.util.jar.Manifest$FastInputStream 
{0x0000000710d59f58} - klass: 'java/util/jar/Manifest$FastInputStream'
stack at sp + 7 slots: 0x0000009444dfd220 is pointing into the stack for thread: 0x0000025f6305b800



---------------  P R O C E S S  ---------------

Threads class SMR info:
_java_thread_list=0x0000025f038d5ab0, length=12, elements={
0x0000025f6305b800, 0x0000025f02dc1800, 0x0000025f02dc2800, 0x0000025f036cc000,
0x0000025f036cd000, 0x0000025f036ce000, 0x0000025f036d2000, 0x0000025f036d7000,
0x0000025f036dd000, 0x0000025f03831000, 0x0000025f03853800, 0x0000025f038dd000
}

Java Threads: ( => current thread )
=>0x0000025f6305b800 JavaThread "main" [_thread_in_Java, id=4880, stack(0x0000009444d00000,0x0000009444e00000)]
  0x0000025f02dc1800 JavaThread "Reference Handler" daemon [_thread_blocked, id=16196, stack(0x0000009445400000,0x0000009445500000)]
  0x0000025f02dc2800 JavaThread "Finalizer" daemon [_thread_blocked, id=4888, stack(0x0000009445500000,0x0000009445600000)]
  0x0000025f036cc000 JavaThread "Signal Dispatcher" daemon [_thread_blocked, id=21344, stack(0x0000009445600000,0x0000009445700000)]
  0x0000025f036cd000 JavaThread "Attach Listener" daemon [_thread_blocked, id=15936, stack(0x0000009445700000,0x0000009445800000)]
  0x0000025f036ce000 JavaThread "Service Thread" daemon [_thread_blocked, id=23776, stack(0x0000009445800000,0x0000009445900000)]
  0x0000025f036d2000 JavaThread "C2 CompilerThread0" daemon [_thread_blocked, id=7088, stack(0x0000009445900000,0x0000009445a00000)]
  0x0000025f036d7000 JavaThread "C1 CompilerThread0" daemon [_thread_blocked, id=3036, stack(0x0000009445a00000,0x0000009445b00000)]
  0x0000025f036dd000 JavaThread "Sweeper thread" daemon [_thread_blocked, id=4864, stack(0x0000009445b00000,0x0000009445c00000)]
  0x0000025f03831000 JavaThread "C1 CompilerThread1" daemon [_thread_blocked, id=24148, stack(0x0000009445c00000,0x0000009445d00000)]
  0x0000025f03853800 JavaThread "Common-Cleaner" daemon [_thread_blocked, id=15732, stack(0x0000009445e00000,0x0000009445f00000)]
  0x0000025f038dd000 JavaThread "C1 CompilerThread2" daemon [_thread_blocked, id=1948, stack(0x0000009445f00000,0x0000009446000000)]

Other Threads:
  0x0000025f02dbf000 VMThread "VM Thread" [stack: 0x0000009445300000,0x0000009445400000] [id=6872]
  0x0000025f0384a000 WatcherThread [stack: 0x0000009445d00000,0x0000009445e00000] [id=23764]
  0x0000025f63074800 GCTaskThread "GC Thread#0" [stack: 0x0000009444e00000,0x0000009444f00000] [id=13204]
  0x0000025f630d2800 ConcurrentGCThread "G1 Main Marker" [stack: 0x0000009444f00000,0x0000009445000000] [id=18332]
  0x0000025f630d4000 ConcurrentGCThread "G1 Conc#0" [stack: 0x0000009445000000,0x0000009445100000] [id=2932]
  0x0000025f02c9e800 ConcurrentGCThread "G1 Refine#0" [stack: 0x0000009445100000,0x0000009445200000] [id=3648]
  0x0000025f02ca1000 ConcurrentGCThread "G1 Young RemSet Sampling" [stack: 0x0000009445200000,0x0000009445300000] [id=24056]

Threads with active compile tasks:

VM state:not at safepoint (normal execution)

VM Mutex/Monitor currently owned by a thread: None

Heap address: 0x0000000701000000, size: 4080 MB, Compressed Oops mode: Zero based, Oop shift amount: 3
Narrow klass base: 0x0000000800000000, Narrow klass shift: 0
Compressed class space size: 1073741824 Address: 0x0000000800000000

Heap:
 garbage-first heap   total 262144K, used 2048K [0x0000000701000000, 0x0000000800000000)
  region size 1024K, 4 young (4096K), 0 survivors (0K)
 Metaspace       used 6233K, capacity 6389K, committed 6528K, reserved 1056768K
  class space    used 545K, capacity 574K, committed 640K, reserved 1048576K
Heap Regions: E=young(eden), S=young(survivor), O=old, HS=humongous(starts), HC=humongous(continues), CS=collection set, F=free, A=archive, TAMS=top-at-mark-start (previous, next)
|   0|0x0000000701000000, 0x0000000701000000, 0x0000000701100000|  0%| F|  |TAMS 0x0000000701000000, 0x0000000701000000| Untracked 
|   1|0x0000000701100000, 0x0000000701100000, 0x0000000701200000|  0%| F|  |TAMS 0x0000000701100000, 0x0000000701100000| Untracked 
|   2|0x0000000701200000, 0x0000000701200000, 0x0000000701300000|  0%| F|  |TAMS 0x0000000701200000, 0x0000000701200000| Untracked 
|   3|0x0000000701300000, 0x0000000701300000, 0x0000000701400000|  0%| F|  |TAMS 0x0000000701300000, 0x0000000701300000| Untracked 
|   4|0x0000000701400000, 0x0000000701400000, 0x0000000701500000|  0%| F|  |TAMS 0x0000000701400000, 0x0000000701400000| Untracked 
|   5|0x0000000701500000, 0x0000000701500000, 0x0000000701600000|  0%| F|  |TAMS 0x0000000701500000, 0x0000000701500000| Untracked 
|   6|0x0000000701600000, 0x0000000701600000, 0x0000000701700000|  0%| F|  |TAMS 0x0000000701600000, 0x0000000701600000| Untracked 
|   7|0x0000000701700000, 0x0000000701700000, 0x0000000701800000|  0%| F|  |TAMS 0x0000000701700000, 0x0000000701700000| Untracked 
|   8|0x0000000701800000, 0x0000000701800000, 0x0000000701900000|  0%| F|  |TAMS 0x0000000701800000, 0x0000000701800000| Untracked 
|   9|0x0000000701900000, 0x0000000701900000, 0x0000000701a00000|  0%| F|  |TAMS 0x0000000701900000, 0x0000000701900000| Untracked 
|  10|0x0000000701a00000, 0x0000000701a00000, 0x0000000701b00000|  0%| F|  |TAMS 0x0000000701a00000, 0x0000000701a00000| Untracked 
|  11|0x0000000701b00000, 0x0000000701b00000, 0x0000000701c00000|  0%| F|  |TAMS 0x0000000701b00000, 0x0000000701b00000| Untracked 
|  12|0x0000000701c00000, 0x0000000701c00000, 0x0000000701d00000|  0%| F|  |TAMS 0x0000000701c00000, 0x0000000701c00000| Untracked 
|  13|0x0000000701d00000, 0x0000000701d00000, 0x0000000701e00000|  0%| F|  |TAMS 0x0000000701d00000, 0x0000000701d00000| Untracked 
|  14|0x0000000701e00000, 0x0000000701e00000, 0x0000000701f00000|  0%| F|  |TAMS 0x0000000701e00000, 0x0000000701e00000| Untracked 
|  15|0x0000000701f00000, 0x0000000701f00000, 0x0000000702000000|  0%| F|  |TAMS 0x0000000701f00000, 0x0000000701f00000| Untracked 
|  16|0x0000000702000000, 0x0000000702000000, 0x0000000702100000|  0%| F|  |TAMS 0x0000000702000000, 0x0000000702000000| Untracked 
|  17|0x0000000702100000, 0x0000000702100000, 0x0000000702200000|  0%| F|  |TAMS 0x0000000702100000, 0x0000000702100000| Untracked 
|  18|0x0000000702200000, 0x0000000702200000, 0x0000000702300000|  0%| F|  |TAMS 0x0000000702200000, 0x0000000702200000| Untracked 
|  19|0x0000000702300000, 0x0000000702300000, 0x0000000702400000|  0%| F|  |TAMS 0x0000000702300000, 0x0000000702300000| Untracked 
|  20|0x0000000702400000, 0x0000000702400000, 0x0000000702500000|  0%| F|  |TAMS 0x0000000702400000, 0x0000000702400000| Untracked 
|  21|0x0000000702500000, 0x0000000702500000, 0x0000000702600000|  0%| F|  |TAMS 0x0000000702500000, 0x0000000702500000| Untracked 
|  22|0x0000000702600000, 0x0000000702600000, 0x0000000702700000|  0%| F|  |TAMS 0x0000000702600000, 0x0000000702600000| Untracked 
|  23|0x0000000702700000, 0x0000000702700000, 0x0000000702800000|  0%| F|  |TAMS 0x0000000702700000, 0x0000000702700000| Untracked 
|  24|0x0000000702800000, 0x0000000702800000, 0x0000000702900000|  0%| F|  |TAMS 0x0000000702800000, 0x0000000702800000| Untracked 
|  25|0x0000000702900000, 0x0000000702900000, 0x0000000702a00000|  0%| F|  |TAMS 0x0000000702900000, 0x0000000702900000| Untracked 
|  26|0x0000000702a00000, 0x0000000702a00000, 0x0000000702b00000|  0%| F|  |TAMS 0x0000000702a00000, 0x0000000702a00000| Untracked 
|  27|0x0000000702b00000, 0x0000000702b00000, 0x0000000702c00000|  0%| F|  |TAMS 0x0000000702b00000, 0x0000000702b00000| Untracked 
|  28|0x0000000702c00000, 0x0000000702c00000, 0x0000000702d00000|  0%| F|  |TAMS 0x0000000702c00000, 0x0000000702c00000| Untracked 
|  29|0x0000000702d00000, 0x0000000702d00000, 0x0000000702e00000|  0%| F|  |TAMS 0x0000000702d00000, 0x0000000702d00000| Untracked 
|  30|0x0000000702e00000, 0x0000000702e00000, 0x0000000702f00000|  0%| F|  |TAMS 0x0000000702e00000, 0x0000000702e00000| Untracked 
|  31|0x0000000702f00000, 0x0000000702f00000, 0x0000000703000000|  0%| F|  |TAMS 0x0000000702f00000, 0x0000000702f00000| Untracked 
|  32|0x0000000703000000, 0x0000000703000000, 0x0000000703100000|  0%| F|  |TAMS 0x0000000703000000, 0x0000000703000000| Untracked 
|  33|0x0000000703100000, 0x0000000703100000, 0x0000000703200000|  0%| F|  |TAMS 0x0000000703100000, 0x0000000703100000| Untracked 
|  34|0x0000000703200000, 0x0000000703200000, 0x0000000703300000|  0%| F|  |TAMS 0x0000000703200000, 0x0000000703200000| Untracked 
|  35|0x0000000703300000, 0x0000000703300000, 0x0000000703400000|  0%| F|  |TAMS 0x0000000703300000, 0x0000000703300000| Untracked 
|  36|0x0000000703400000, 0x0000000703400000, 0x0000000703500000|  0%| F|  |TAMS 0x0000000703400000, 0x0000000703400000| Untracked 
|  37|0x0000000703500000, 0x0000000703500000, 0x0000000703600000|  0%| F|  |TAMS 0x0000000703500000, 0x0000000703500000| Untracked 
|  38|0x0000000703600000, 0x0000000703600000, 0x0000000703700000|  0%| F|  |TAMS 0x0000000703600000, 0x0000000703600000| Untracked 
|  39|0x0000000703700000, 0x0000000703700000, 0x0000000703800000|  0%| F|  |TAMS 0x0000000703700000, 0x0000000703700000| Untracked 
|  40|0x0000000703800000, 0x0000000703800000, 0x0000000703900000|  0%| F|  |TAMS 0x0000000703800000, 0x0000000703800000| Untracked 
|  41|0x0000000703900000, 0x0000000703900000, 0x0000000703a00000|  0%| F|  |TAMS 0x0000000703900000, 0x0000000703900000| Untracked 
|  42|0x0000000703a00000, 0x0000000703a00000, 0x0000000703b00000|  0%| F|  |TAMS 0x0000000703a00000, 0x0000000703a00000| Untracked 
|  43|0x0000000703b00000, 0x0000000703b00000, 0x0000000703c00000|  0%| F|  |TAMS 0x0000000703b00000, 0x0000000703b00000| Untracked 
|  44|0x0000000703c00000, 0x0000000703c00000, 0x0000000703d00000|  0%| F|  |TAMS 0x0000000703c00000, 0x0000000703c00000| Untracked 
|  45|0x0000000703d00000, 0x0000000703d00000, 0x0000000703e00000|  0%| F|  |TAMS 0x0000000703d00000, 0x0000000703d00000| Untracked 
|  46|0x0000000703e00000, 0x0000000703e00000, 0x0000000703f00000|  0%| F|  |TAMS 0x0000000703e00000, 0x0000000703e00000| Untracked 
|  47|0x0000000703f00000, 0x0000000703f00000, 0x0000000704000000|  0%| F|  |TAMS 0x0000000703f00000, 0x0000000703f00000| Untracked 
|  48|0x0000000704000000, 0x0000000704000000, 0x0000000704100000|  0%| F|  |TAMS 0x0000000704000000, 0x0000000704000000| Untracked 
|  49|0x0000000704100000, 0x0000000704100000, 0x0000000704200000|  0%| F|  |TAMS 0x0000000704100000, 0x0000000704100000| Untracked 
|  50|0x0000000704200000, 0x0000000704200000, 0x0000000704300000|  0%| F|  |TAMS 0x0000000704200000, 0x0000000704200000| Untracked 
|  51|0x0000000704300000, 0x0000000704300000, 0x0000000704400000|  0%| F|  |TAMS 0x0000000704300000, 0x0000000704300000| Untracked 
|  52|0x0000000704400000, 0x0000000704400000, 0x0000000704500000|  0%| F|  |TAMS 0x0000000704400000, 0x0000000704400000| Untracked 
|  53|0x0000000704500000, 0x0000000704500000, 0x0000000704600000|  0%| F|  |TAMS 0x0000000704500000, 0x0000000704500000| Untracked 
|  54|0x0000000704600000, 0x0000000704600000, 0x0000000704700000|  0%| F|  |TAMS 0x0000000704600000, 0x0000000704600000| Untracked 
|  55|0x0000000704700000, 0x0000000704700000, 0x0000000704800000|  0%| F|  |TAMS 0x0000000704700000, 0x0000000704700000| Untracked 
|  56|0x0000000704800000, 0x0000000704800000, 0x0000000704900000|  0%| F|  |TAMS 0x0000000704800000, 0x0000000704800000| Untracked 
|  57|0x0000000704900000, 0x0000000704900000, 0x0000000704a00000|  0%| F|  |TAMS 0x0000000704900000, 0x0000000704900000| Untracked 
|  58|0x0000000704a00000, 0x0000000704a00000, 0x0000000704b00000|  0%| F|  |TAMS 0x0000000704a00000, 0x0000000704a00000| Untracked 
|  59|0x0000000704b00000, 0x0000000704b00000, 0x0000000704c00000|  0%| F|  |TAMS 0x0000000704b00000, 0x0000000704b00000| Untracked 
|  60|0x0000000704c00000, 0x0000000704c00000, 0x0000000704d00000|  0%| F|  |TAMS 0x0000000704c00000, 0x0000000704c00000| Untracked 
|  61|0x0000000704d00000, 0x0000000704d00000, 0x0000000704e00000|  0%| F|  |TAMS 0x0000000704d00000, 0x0000000704d00000| Untracked 
|  62|0x0000000704e00000, 0x0000000704e00000, 0x0000000704f00000|  0%| F|  |TAMS 0x0000000704e00000, 0x0000000704e00000| Untracked 
|  63|0x0000000704f00000, 0x0000000704f00000, 0x0000000705000000|  0%| F|  |TAMS 0x0000000704f00000, 0x0000000704f00000| Untracked 
|  64|0x0000000705000000, 0x0000000705000000, 0x0000000705100000|  0%| F|  |TAMS 0x0000000705000000, 0x0000000705000000| Untracked 
|  65|0x0000000705100000, 0x0000000705100000, 0x0000000705200000|  0%| F|  |TAMS 0x0000000705100000, 0x0000000705100000| Untracked 
|  66|0x0000000705200000, 0x0000000705200000, 0x0000000705300000|  0%| F|  |TAMS 0x0000000705200000, 0x0000000705200000| Untracked 
|  67|0x0000000705300000, 0x0000000705300000, 0x0000000705400000|  0%| F|  |TAMS 0x0000000705300000, 0x0000000705300000| Untracked 
|  68|0x0000000705400000, 0x0000000705400000, 0x0000000705500000|  0%| F|  |TAMS 0x0000000705400000, 0x0000000705400000| Untracked 
|  69|0x0000000705500000, 0x0000000705500000, 0x0000000705600000|  0%| F|  |TAMS 0x0000000705500000, 0x0000000705500000| Untracked 
|  70|0x0000000705600000, 0x0000000705600000, 0x0000000705700000|  0%| F|  |TAMS 0x0000000705600000, 0x0000000705600000| Untracked 
|  71|0x0000000705700000, 0x0000000705700000, 0x0000000705800000|  0%| F|  |TAMS 0x0000000705700000, 0x0000000705700000| Untracked 
|  72|0x0000000705800000, 0x0000000705800000, 0x0000000705900000|  0%| F|  |TAMS 0x0000000705800000, 0x0000000705800000| Untracked 
|  73|0x0000000705900000, 0x0000000705900000, 0x0000000705a00000|  0%| F|  |TAMS 0x0000000705900000, 0x0000000705900000| Untracked 
|  74|0x0000000705a00000, 0x0000000705a00000, 0x0000000705b00000|  0%| F|  |TAMS 0x0000000705a00000, 0x0000000705a00000| Untracked 
|  75|0x0000000705b00000, 0x0000000705b00000, 0x0000000705c00000|  0%| F|  |TAMS 0x0000000705b00000, 0x0000000705b00000| Untracked 
|  76|0x0000000705c00000, 0x0000000705c00000, 0x0000000705d00000|  0%| F|  |TAMS 0x0000000705c00000, 0x0000000705c00000| Untracked 
|  77|0x0000000705d00000, 0x0000000705d00000, 0x0000000705e00000|  0%| F|  |TAMS 0x0000000705d00000, 0x0000000705d00000| Untracked 
|  78|0x0000000705e00000, 0x0000000705e00000, 0x0000000705f00000|  0%| F|  |TAMS 0x0000000705e00000, 0x0000000705e00000| Untracked 
|  79|0x0000000705f00000, 0x0000000705f00000, 0x0000000706000000|  0%| F|  |TAMS 0x0000000705f00000, 0x0000000705f00000| Untracked 
|  80|0x0000000706000000, 0x0000000706000000, 0x0000000706100000|  0%| F|  |TAMS 0x0000000706000000, 0x0000000706000000| Untracked 
|  81|0x0000000706100000, 0x0000000706100000, 0x0000000706200000|  0%| F|  |TAMS 0x0000000706100000, 0x0000000706100000| Untracked 
|  82|0x0000000706200000, 0x0000000706200000, 0x0000000706300000|  0%| F|  |TAMS 0x0000000706200000, 0x0000000706200000| Untracked 
|  83|0x0000000706300000, 0x0000000706300000, 0x0000000706400000|  0%| F|  |TAMS 0x0000000706300000, 0x0000000706300000| Untracked 
|  84|0x0000000706400000, 0x0000000706400000, 0x0000000706500000|  0%| F|  |TAMS 0x0000000706400000, 0x0000000706400000| Untracked 
|  85|0x0000000706500000, 0x0000000706500000, 0x0000000706600000|  0%| F|  |TAMS 0x0000000706500000, 0x0000000706500000| Untracked 
|  86|0x0000000706600000, 0x0000000706600000, 0x0000000706700000|  0%| F|  |TAMS 0x0000000706600000, 0x0000000706600000| Untracked 
|  87|0x0000000706700000, 0x0000000706700000, 0x0000000706800000|  0%| F|  |TAMS 0x0000000706700000, 0x0000000706700000| Untracked 
|  88|0x0000000706800000, 0x0000000706800000, 0x0000000706900000|  0%| F|  |TAMS 0x0000000706800000, 0x0000000706800000| Untracked 
|  89|0x0000000706900000, 0x0000000706900000, 0x0000000706a00000|  0%| F|  |TAMS 0x0000000706900000, 0x0000000706900000| Untracked 
|  90|0x0000000706a00000, 0x0000000706a00000, 0x0000000706b00000|  0%| F|  |TAMS 0x0000000706a00000, 0x0000000706a00000| Untracked 
|  91|0x0000000706b00000, 0x0000000706b00000, 0x0000000706c00000|  0%| F|  |TAMS 0x0000000706b00000, 0x0000000706b00000| Untracked 
|  92|0x0000000706c00000, 0x0000000706c00000, 0x0000000706d00000|  0%| F|  |TAMS 0x0000000706c00000, 0x0000000706c00000| Untracked 
|  93|0x0000000706d00000, 0x0000000706d00000, 0x0000000706e00000|  0%| F|  |TAMS 0x0000000706d00000, 0x0000000706d00000| Untracked 
|  94|0x0000000706e00000, 0x0000000706e00000, 0x0000000706f00000|  0%| F|  |TAMS 0x0000000706e00000, 0x0000000706e00000| Untracked 
|  95|0x0000000706f00000, 0x0000000706f00000, 0x0000000707000000|  0%| F|  |TAMS 0x0000000706f00000, 0x0000000706f00000| Untracked 
|  96|0x0000000707000000, 0x0000000707000000, 0x0000000707100000|  0%| F|  |TAMS 0x0000000707000000, 0x0000000707000000| Untracked 
|  97|0x0000000707100000, 0x0000000707100000, 0x0000000707200000|  0%| F|  |TAMS 0x0000000707100000, 0x0000000707100000| Untracked 
|  98|0x0000000707200000, 0x0000000707200000, 0x0000000707300000|  0%| F|  |TAMS 0x0000000707200000, 0x0000000707200000| Untracked 
|  99|0x0000000707300000, 0x0000000707300000, 0x0000000707400000|  0%| F|  |TAMS 0x0000000707300000, 0x0000000707300000| Untracked 
| 100|0x0000000707400000, 0x0000000707400000, 0x0000000707500000|  0%| F|  |TAMS 0x0000000707400000, 0x0000000707400000| Untracked 
| 101|0x0000000707500000, 0x0000000707500000, 0x0000000707600000|  0%| F|  |TAMS 0x0000000707500000, 0x0000000707500000| Untracked 
| 102|0x0000000707600000, 0x0000000707600000, 0x0000000707700000|  0%| F|  |TAMS 0x0000000707600000, 0x0000000707600000| Untracked 
| 103|0x0000000707700000, 0x0000000707700000, 0x0000000707800000|  0%| F|  |TAMS 0x0000000707700000, 0x0000000707700000| Untracked 
| 104|0x0000000707800000, 0x0000000707800000, 0x0000000707900000|  0%| F|  |TAMS 0x0000000707800000, 0x0000000707800000| Untracked 
| 105|0x0000000707900000, 0x0000000707900000, 0x0000000707a00000|  0%| F|  |TAMS 0x0000000707900000, 0x0000000707900000| Untracked 
| 106|0x0000000707a00000, 0x0000000707a00000, 0x0000000707b00000|  0%| F|  |TAMS 0x0000000707a00000, 0x0000000707a00000| Untracked 
| 107|0x0000000707b00000, 0x0000000707b00000, 0x0000000707c00000|  0%| F|  |TAMS 0x0000000707b00000, 0x0000000707b00000| Untracked 
| 108|0x0000000707c00000, 0x0000000707c00000, 0x0000000707d00000|  0%| F|  |TAMS 0x0000000707c00000, 0x0000000707c00000| Untracked 
| 109|0x0000000707d00000, 0x0000000707d00000, 0x0000000707e00000|  0%| F|  |TAMS 0x0000000707d00000, 0x0000000707d00000| Untracked 
| 110|0x0000000707e00000, 0x0000000707e00000, 0x0000000707f00000|  0%| F|  |TAMS 0x0000000707e00000, 0x0000000707e00000| Untracked 
| 111|0x0000000707f00000, 0x0000000707f00000, 0x0000000708000000|  0%| F|  |TAMS 0x0000000707f00000, 0x0000000707f00000| Untracked 
| 112|0x0000000708000000, 0x0000000708000000, 0x0000000708100000|  0%| F|  |TAMS 0x0000000708000000, 0x0000000708000000| Untracked 
| 113|0x0000000708100000, 0x0000000708100000, 0x0000000708200000|  0%| F|  |TAMS 0x0000000708100000, 0x0000000708100000| Untracked 
| 114|0x0000000708200000, 0x0000000708200000, 0x0000000708300000|  0%| F|  |TAMS 0x0000000708200000, 0x0000000708200000| Untracked 
| 115|0x0000000708300000, 0x0000000708300000, 0x0000000708400000|  0%| F|  |TAMS 0x0000000708300000, 0x0000000708300000| Untracked 
| 116|0x0000000708400000, 0x0000000708400000, 0x0000000708500000|  0%| F|  |TAMS 0x0000000708400000, 0x0000000708400000| Untracked 
| 117|0x0000000708500000, 0x0000000708500000, 0x0000000708600000|  0%| F|  |TAMS 0x0000000708500000, 0x0000000708500000| Untracked 
| 118|0x0000000708600000, 0x0000000708600000, 0x0000000708700000|  0%| F|  |TAMS 0x0000000708600000, 0x0000000708600000| Untracked 
| 119|0x0000000708700000, 0x0000000708700000, 0x0000000708800000|  0%| F|  |TAMS 0x0000000708700000, 0x0000000708700000| Untracked 
| 120|0x0000000708800000, 0x0000000708800000, 0x0000000708900000|  0%| F|  |TAMS 0x0000000708800000, 0x0000000708800000| Untracked 
| 121|0x0000000708900000, 0x0000000708900000, 0x0000000708a00000|  0%| F|  |TAMS 0x0000000708900000, 0x0000000708900000| Untracked 
| 122|0x0000000708a00000, 0x0000000708a00000, 0x0000000708b00000|  0%| F|  |TAMS 0x0000000708a00000, 0x0000000708a00000| Untracked 
| 123|0x0000000708b00000, 0x0000000708b00000, 0x0000000708c00000|  0%| F|  |TAMS 0x0000000708b00000, 0x0000000708b00000| Untracked 
| 124|0x0000000708c00000, 0x0000000708c00000, 0x0000000708d00000|  0%| F|  |TAMS 0x0000000708c00000, 0x0000000708c00000| Untracked 
| 125|0x0000000708d00000, 0x0000000708d00000, 0x0000000708e00000|  0%| F|  |TAMS 0x0000000708d00000, 0x0000000708d00000| Untracked 
| 126|0x0000000708e00000, 0x0000000708e00000, 0x0000000708f00000|  0%| F|  |TAMS 0x0000000708e00000, 0x0000000708e00000| Untracked 
| 127|0x0000000708f00000, 0x0000000708f00000, 0x0000000709000000|  0%| F|  |TAMS 0x0000000708f00000, 0x0000000708f00000| Untracked 
| 128|0x0000000709000000, 0x0000000709000000, 0x0000000709100000|  0%| F|  |TAMS 0x0000000709000000, 0x0000000709000000| Untracked 
| 129|0x0000000709100000, 0x0000000709100000, 0x0000000709200000|  0%| F|  |TAMS 0x0000000709100000, 0x0000000709100000| Untracked 
| 130|0x0000000709200000, 0x0000000709200000, 0x0000000709300000|  0%| F|  |TAMS 0x0000000709200000, 0x0000000709200000| Untracked 
| 131|0x0000000709300000, 0x0000000709300000, 0x0000000709400000|  0%| F|  |TAMS 0x0000000709300000, 0x0000000709300000| Untracked 
| 132|0x0000000709400000, 0x0000000709400000, 0x0000000709500000|  0%| F|  |TAMS 0x0000000709400000, 0x0000000709400000| Untracked 
| 133|0x0000000709500000, 0x0000000709500000, 0x0000000709600000|  0%| F|  |TAMS 0x0000000709500000, 0x0000000709500000| Untracked 
| 134|0x0000000709600000, 0x0000000709600000, 0x0000000709700000|  0%| F|  |TAMS 0x0000000709600000, 0x0000000709600000| Untracked 
| 135|0x0000000709700000, 0x0000000709700000, 0x0000000709800000|  0%| F|  |TAMS 0x0000000709700000, 0x0000000709700000| Untracked 
| 136|0x0000000709800000, 0x0000000709800000, 0x0000000709900000|  0%| F|  |TAMS 0x0000000709800000, 0x0000000709800000| Untracked 
| 137|0x0000000709900000, 0x0000000709900000, 0x0000000709a00000|  0%| F|  |TAMS 0x0000000709900000, 0x0000000709900000| Untracked 
| 138|0x0000000709a00000, 0x0000000709a00000, 0x0000000709b00000|  0%| F|  |TAMS 0x0000000709a00000, 0x0000000709a00000| Untracked 
| 139|0x0000000709b00000, 0x0000000709b00000, 0x0000000709c00000|  0%| F|  |TAMS 0x0000000709b00000, 0x0000000709b00000| Untracked 
| 140|0x0000000709c00000, 0x0000000709c00000, 0x0000000709d00000|  0%| F|  |TAMS 0x0000000709c00000, 0x0000000709c00000| Untracked 
| 141|0x0000000709d00000, 0x0000000709d00000, 0x0000000709e00000|  0%| F|  |TAMS 0x0000000709d00000, 0x0000000709d00000| Untracked 
| 142|0x0000000709e00000, 0x0000000709e00000, 0x0000000709f00000|  0%| F|  |TAMS 0x0000000709e00000, 0x0000000709e00000| Untracked 
| 143|0x0000000709f00000, 0x0000000709f00000, 0x000000070a000000|  0%| F|  |TAMS 0x0000000709f00000, 0x0000000709f00000| Untracked 
| 144|0x000000070a000000, 0x000000070a000000, 0x000000070a100000|  0%| F|  |TAMS 0x000000070a000000, 0x000000070a000000| Untracked 
| 145|0x000000070a100000, 0x000000070a100000, 0x000000070a200000|  0%| F|  |TAMS 0x000000070a100000, 0x000000070a100000| Untracked 
| 146|0x000000070a200000, 0x000000070a200000, 0x000000070a300000|  0%| F|  |TAMS 0x000000070a200000, 0x000000070a200000| Untracked 
| 147|0x000000070a300000, 0x000000070a300000, 0x000000070a400000|  0%| F|  |TAMS 0x000000070a300000, 0x000000070a300000| Untracked 
| 148|0x000000070a400000, 0x000000070a400000, 0x000000070a500000|  0%| F|  |TAMS 0x000000070a400000, 0x000000070a400000| Untracked 
| 149|0x000000070a500000, 0x000000070a500000, 0x000000070a600000|  0%| F|  |TAMS 0x000000070a500000, 0x000000070a500000| Untracked 
| 150|0x000000070a600000, 0x000000070a600000, 0x000000070a700000|  0%| F|  |TAMS 0x000000070a600000, 0x000000070a600000| Untracked 
| 151|0x000000070a700000, 0x000000070a700000, 0x000000070a800000|  0%| F|  |TAMS 0x000000070a700000, 0x000000070a700000| Untracked 
| 152|0x000000070a800000, 0x000000070a800000, 0x000000070a900000|  0%| F|  |TAMS 0x000000070a800000, 0x000000070a800000| Untracked 
| 153|0x000000070a900000, 0x000000070a900000, 0x000000070aa00000|  0%| F|  |TAMS 0x000000070a900000, 0x000000070a900000| Untracked 
| 154|0x000000070aa00000, 0x000000070aa00000, 0x000000070ab00000|  0%| F|  |TAMS 0x000000070aa00000, 0x000000070aa00000| Untracked 
| 155|0x000000070ab00000, 0x000000070ab00000, 0x000000070ac00000|  0%| F|  |TAMS 0x000000070ab00000, 0x000000070ab00000| Untracked 
| 156|0x000000070ac00000, 0x000000070ac00000, 0x000000070ad00000|  0%| F|  |TAMS 0x000000070ac00000, 0x000000070ac00000| Untracked 
| 157|0x000000070ad00000, 0x000000070ad00000, 0x000000070ae00000|  0%| F|  |TAMS 0x000000070ad00000, 0x000000070ad00000| Untracked 
| 158|0x000000070ae00000, 0x000000070ae00000, 0x000000070af00000|  0%| F|  |TAMS 0x000000070ae00000, 0x000000070ae00000| Untracked 
| 159|0x000000070af00000, 0x000000070af00000, 0x000000070b000000|  0%| F|  |TAMS 0x000000070af00000, 0x000000070af00000| Untracked 
| 160|0x000000070b000000, 0x000000070b000000, 0x000000070b100000|  0%| F|  |TAMS 0x000000070b000000, 0x000000070b000000| Untracked 
| 161|0x000000070b100000, 0x000000070b100000, 0x000000070b200000|  0%| F|  |TAMS 0x000000070b100000, 0x000000070b100000| Untracked 
| 162|0x000000070b200000, 0x000000070b200000, 0x000000070b300000|  0%| F|  |TAMS 0x000000070b200000, 0x000000070b200000| Untracked 
| 163|0x000000070b300000, 0x000000070b300000, 0x000000070b400000|  0%| F|  |TAMS 0x000000070b300000, 0x000000070b300000| Untracked 
| 164|0x000000070b400000, 0x000000070b400000, 0x000000070b500000|  0%| F|  |TAMS 0x000000070b400000, 0x000000070b400000| Untracked 
| 165|0x000000070b500000, 0x000000070b500000, 0x000000070b600000|  0%| F|  |TAMS 0x000000070b500000, 0x000000070b500000| Untracked 
| 166|0x000000070b600000, 0x000000070b600000, 0x000000070b700000|  0%| F|  |TAMS 0x000000070b600000, 0x000000070b600000| Untracked 
| 167|0x000000070b700000, 0x000000070b700000, 0x000000070b800000|  0%| F|  |TAMS 0x000000070b700000, 0x000000070b700000| Untracked 
| 168|0x000000070b800000, 0x000000070b800000, 0x000000070b900000|  0%| F|  |TAMS 0x000000070b800000, 0x000000070b800000| Untracked 
| 169|0x000000070b900000, 0x000000070b900000, 0x000000070ba00000|  0%| F|  |TAMS 0x000000070b900000, 0x000000070b900000| Untracked 
| 170|0x000000070ba00000, 0x000000070ba00000, 0x000000070bb00000|  0%| F|  |TAMS 0x000000070ba00000, 0x000000070ba00000| Untracked 
| 171|0x000000070bb00000, 0x000000070bb00000, 0x000000070bc00000|  0%| F|  |TAMS 0x000000070bb00000, 0x000000070bb00000| Untracked 
| 172|0x000000070bc00000, 0x000000070bc00000, 0x000000070bd00000|  0%| F|  |TAMS 0x000000070bc00000, 0x000000070bc00000| Untracked 
| 173|0x000000070bd00000, 0x000000070bd00000, 0x000000070be00000|  0%| F|  |TAMS 0x000000070bd00000, 0x000000070bd00000| Untracked 
| 174|0x000000070be00000, 0x000000070be00000, 0x000000070bf00000|  0%| F|  |TAMS 0x000000070be00000, 0x000000070be00000| Untracked 
| 175|0x000000070bf00000, 0x000000070bf00000, 0x000000070c000000|  0%| F|  |TAMS 0x000000070bf00000, 0x000000070bf00000| Untracked 
| 176|0x000000070c000000, 0x000000070c000000, 0x000000070c100000|  0%| F|  |TAMS 0x000000070c000000, 0x000000070c000000| Untracked 
| 177|0x000000070c100000, 0x000000070c100000, 0x000000070c200000|  0%| F|  |TAMS 0x000000070c100000, 0x000000070c100000| Untracked 
| 178|0x000000070c200000, 0x000000070c200000, 0x000000070c300000|  0%| F|  |TAMS 0x000000070c200000, 0x000000070c200000| Untracked 
| 179|0x000000070c300000, 0x000000070c300000, 0x000000070c400000|  0%| F|  |TAMS 0x000000070c300000, 0x000000070c300000| Untracked 
| 180|0x000000070c400000, 0x000000070c400000, 0x000000070c500000|  0%| F|  |TAMS 0x000000070c400000, 0x000000070c400000| Untracked 
| 181|0x000000070c500000, 0x000000070c500000, 0x000000070c600000|  0%| F|  |TAMS 0x000000070c500000, 0x000000070c500000| Untracked 
| 182|0x000000070c600000, 0x000000070c600000, 0x000000070c700000|  0%| F|  |TAMS 0x000000070c600000, 0x000000070c600000| Untracked 
| 183|0x000000070c700000, 0x000000070c700000, 0x000000070c800000|  0%| F|  |TAMS 0x000000070c700000, 0x000000070c700000| Untracked 
| 184|0x000000070c800000, 0x000000070c800000, 0x000000070c900000|  0%| F|  |TAMS 0x000000070c800000, 0x000000070c800000| Untracked 
| 185|0x000000070c900000, 0x000000070c900000, 0x000000070ca00000|  0%| F|  |TAMS 0x000000070c900000, 0x000000070c900000| Untracked 
| 186|0x000000070ca00000, 0x000000070ca00000, 0x000000070cb00000|  0%| F|  |TAMS 0x000000070ca00000, 0x000000070ca00000| Untracked 
| 187|0x000000070cb00000, 0x000000070cb00000, 0x000000070cc00000|  0%| F|  |TAMS 0x000000070cb00000, 0x000000070cb00000| Untracked 
| 188|0x000000070cc00000, 0x000000070cc00000, 0x000000070cd00000|  0%| F|  |TAMS 0x000000070cc00000, 0x000000070cc00000| Untracked 
| 189|0x000000070cd00000, 0x000000070cd00000, 0x000000070ce00000|  0%| F|  |TAMS 0x000000070cd00000, 0x000000070cd00000| Untracked 
| 190|0x000000070ce00000, 0x000000070ce00000, 0x000000070cf00000|  0%| F|  |TAMS 0x000000070ce00000, 0x000000070ce00000| Untracked 
| 191|0x000000070cf00000, 0x000000070cf00000, 0x000000070d000000|  0%| F|  |TAMS 0x000000070cf00000, 0x000000070cf00000| Untracked 
| 192|0x000000070d000000, 0x000000070d000000, 0x000000070d100000|  0%| F|  |TAMS 0x000000070d000000, 0x000000070d000000| Untracked 
| 193|0x000000070d100000, 0x000000070d100000, 0x000000070d200000|  0%| F|  |TAMS 0x000000070d100000, 0x000000070d100000| Untracked 
| 194|0x000000070d200000, 0x000000070d200000, 0x000000070d300000|  0%| F|  |TAMS 0x000000070d200000, 0x000000070d200000| Untracked 
| 195|0x000000070d300000, 0x000000070d300000, 0x000000070d400000|  0%| F|  |TAMS 0x000000070d300000, 0x000000070d300000| Untracked 
| 196|0x000000070d400000, 0x000000070d400000, 0x000000070d500000|  0%| F|  |TAMS 0x000000070d400000, 0x000000070d400000| Untracked 
| 197|0x000000070d500000, 0x000000070d500000, 0x000000070d600000|  0%| F|  |TAMS 0x000000070d500000, 0x000000070d500000| Untracked 
| 198|0x000000070d600000, 0x000000070d600000, 0x000000070d700000|  0%| F|  |TAMS 0x000000070d600000, 0x000000070d600000| Untracked 
| 199|0x000000070d700000, 0x000000070d700000, 0x000000070d800000|  0%| F|  |TAMS 0x000000070d700000, 0x000000070d700000| Untracked 
| 200|0x000000070d800000, 0x000000070d800000, 0x000000070d900000|  0%| F|  |TAMS 0x000000070d800000, 0x000000070d800000| Untracked 
| 201|0x000000070d900000, 0x000000070d900000, 0x000000070da00000|  0%| F|  |TAMS 0x000000070d900000, 0x000000070d900000| Untracked 
| 202|0x000000070da00000, 0x000000070da00000, 0x000000070db00000|  0%| F|  |TAMS 0x000000070da00000, 0x000000070da00000| Untracked 
| 203|0x000000070db00000, 0x000000070db00000, 0x000000070dc00000|  0%| F|  |TAMS 0x000000070db00000, 0x000000070db00000| Untracked 
| 204|0x000000070dc00000, 0x000000070dc00000, 0x000000070dd00000|  0%| F|  |TAMS 0x000000070dc00000, 0x000000070dc00000| Untracked 
| 205|0x000000070dd00000, 0x000000070dd00000, 0x000000070de00000|  0%| F|  |TAMS 0x000000070dd00000, 0x000000070dd00000| Untracked 
| 206|0x000000070de00000, 0x000000070de00000, 0x000000070df00000|  0%| F|  |TAMS 0x000000070de00000, 0x000000070de00000| Untracked 
| 207|0x000000070df00000, 0x000000070df00000, 0x000000070e000000|  0%| F|  |TAMS 0x000000070df00000, 0x000000070df00000| Untracked 
| 208|0x000000070e000000, 0x000000070e000000, 0x000000070e100000|  0%| F|  |TAMS 0x000000070e000000, 0x000000070e000000| Untracked 
| 209|0x000000070e100000, 0x000000070e100000, 0x000000070e200000|  0%| F|  |TAMS 0x000000070e100000, 0x000000070e100000| Untracked 
| 210|0x000000070e200000, 0x000000070e200000, 0x000000070e300000|  0%| F|  |TAMS 0x000000070e200000, 0x000000070e200000| Untracked 
| 211|0x000000070e300000, 0x000000070e300000, 0x000000070e400000|  0%| F|  |TAMS 0x000000070e300000, 0x000000070e300000| Untracked 
| 212|0x000000070e400000, 0x000000070e400000, 0x000000070e500000|  0%| F|  |TAMS 0x000000070e400000, 0x000000070e400000| Untracked 
| 213|0x000000070e500000, 0x000000070e500000, 0x000000070e600000|  0%| F|  |TAMS 0x000000070e500000, 0x000000070e500000| Untracked 
| 214|0x000000070e600000, 0x000000070e600000, 0x000000070e700000|  0%| F|  |TAMS 0x000000070e600000, 0x000000070e600000| Untracked 
| 215|0x000000070e700000, 0x000000070e700000, 0x000000070e800000|  0%| F|  |TAMS 0x000000070e700000, 0x000000070e700000| Untracked 
| 216|0x000000070e800000, 0x000000070e800000, 0x000000070e900000|  0%| F|  |TAMS 0x000000070e800000, 0x000000070e800000| Untracked 
| 217|0x000000070e900000, 0x000000070e900000, 0x000000070ea00000|  0%| F|  |TAMS 0x000000070e900000, 0x000000070e900000| Untracked 
| 218|0x000000070ea00000, 0x000000070ea00000, 0x000000070eb00000|  0%| F|  |TAMS 0x000000070ea00000, 0x000000070ea00000| Untracked 
| 219|0x000000070eb00000, 0x000000070eb00000, 0x000000070ec00000|  0%| F|  |TAMS 0x000000070eb00000, 0x000000070eb00000| Untracked 
| 220|0x000000070ec00000, 0x000000070ec00000, 0x000000070ed00000|  0%| F|  |TAMS 0x000000070ec00000, 0x000000070ec00000| Untracked 
| 221|0x000000070ed00000, 0x000000070ed00000, 0x000000070ee00000|  0%| F|  |TAMS 0x000000070ed00000, 0x000000070ed00000| Untracked 
| 222|0x000000070ee00000, 0x000000070ee00000, 0x000000070ef00000|  0%| F|  |TAMS 0x000000070ee00000, 0x000000070ee00000| Untracked 
| 223|0x000000070ef00000, 0x000000070ef00000, 0x000000070f000000|  0%| F|  |TAMS 0x000000070ef00000, 0x000000070ef00000| Untracked 
| 224|0x000000070f000000, 0x000000070f000000, 0x000000070f100000|  0%| F|  |TAMS 0x000000070f000000, 0x000000070f000000| Untracked 
| 225|0x000000070f100000, 0x000000070f100000, 0x000000070f200000|  0%| F|  |TAMS 0x000000070f100000, 0x000000070f100000| Untracked 
| 226|0x000000070f200000, 0x000000070f200000, 0x000000070f300000|  0%| F|  |TAMS 0x000000070f200000, 0x000000070f200000| Untracked 
| 227|0x000000070f300000, 0x000000070f300000, 0x000000070f400000|  0%| F|  |TAMS 0x000000070f300000, 0x000000070f300000| Untracked 
| 228|0x000000070f400000, 0x000000070f400000, 0x000000070f500000|  0%| F|  |TAMS 0x000000070f400000, 0x000000070f400000| Untracked 
| 229|0x000000070f500000, 0x000000070f500000, 0x000000070f600000|  0%| F|  |TAMS 0x000000070f500000, 0x000000070f500000| Untracked 
| 230|0x000000070f600000, 0x000000070f600000, 0x000000070f700000|  0%| F|  |TAMS 0x000000070f600000, 0x000000070f600000| Untracked 
| 231|0x000000070f700000, 0x000000070f700000, 0x000000070f800000|  0%| F|  |TAMS 0x000000070f700000, 0x000000070f700000| Untracked 
| 232|0x000000070f800000, 0x000000070f800000, 0x000000070f900000|  0%| F|  |TAMS 0x000000070f800000, 0x000000070f800000| Untracked 
| 233|0x000000070f900000, 0x000000070f900000, 0x000000070fa00000|  0%| F|  |TAMS 0x000000070f900000, 0x000000070f900000| Untracked 
| 234|0x000000070fa00000, 0x000000070fa00000, 0x000000070fb00000|  0%| F|  |TAMS 0x000000070fa00000, 0x000000070fa00000| Untracked 
| 235|0x000000070fb00000, 0x000000070fb00000, 0x000000070fc00000|  0%| F|  |TAMS 0x000000070fb00000, 0x000000070fb00000| Untracked 
| 236|0x000000070fc00000, 0x000000070fc00000, 0x000000070fd00000|  0%| F|  |TAMS 0x000000070fc00000, 0x000000070fc00000| Untracked 
| 237|0x000000070fd00000, 0x000000070fd00000, 0x000000070fe00000|  0%| F|  |TAMS 0x000000070fd00000, 0x000000070fd00000| Untracked 
| 238|0x000000070fe00000, 0x000000070fe00000, 0x000000070ff00000|  0%| F|  |TAMS 0x000000070fe00000, 0x000000070fe00000| Untracked 
| 239|0x000000070ff00000, 0x000000070ff00000, 0x0000000710000000|  0%| F|  |TAMS 0x000000070ff00000, 0x000000070ff00000| Untracked 
| 240|0x0000000710000000, 0x0000000710000000, 0x0000000710100000|  0%| F|  |TAMS 0x0000000710000000, 0x0000000710000000| Untracked 
| 241|0x0000000710100000, 0x0000000710100000, 0x0000000710200000|  0%| F|  |TAMS 0x0000000710100000, 0x0000000710100000| Untracked 
| 242|0x0000000710200000, 0x0000000710200000, 0x0000000710300000|  0%| F|  |TAMS 0x0000000710200000, 0x0000000710200000| Untracked 
| 243|0x0000000710300000, 0x0000000710300000, 0x0000000710400000|  0%| F|  |TAMS 0x0000000710300000, 0x0000000710300000| Untracked 
| 244|0x0000000710400000, 0x0000000710400000, 0x0000000710500000|  0%| F|  |TAMS 0x0000000710400000, 0x0000000710400000| Untracked 
| 245|0x0000000710500000, 0x0000000710500000, 0x0000000710600000|  0%| F|  |TAMS 0x0000000710500000, 0x0000000710500000| Untracked 
| 246|0x0000000710600000, 0x0000000710600000, 0x0000000710700000|  0%| F|  |TAMS 0x0000000710600000, 0x0000000710600000| Untracked 
| 247|0x0000000710700000, 0x0000000710700000, 0x0000000710800000|  0%| F|  |TAMS 0x0000000710700000, 0x0000000710700000| Untracked 
| 248|0x0000000710800000, 0x0000000710800000, 0x0000000710900000|  0%| F|  |TAMS 0x0000000710800000, 0x0000000710800000| Untracked 
| 249|0x0000000710900000, 0x0000000710900000, 0x0000000710a00000|  0%| F|  |TAMS 0x0000000710900000, 0x0000000710900000| Untracked 
| 250|0x0000000710a00000, 0x0000000710a00000, 0x0000000710b00000|  0%| F|  |TAMS 0x0000000710a00000, 0x0000000710a00000| Untracked 
| 251|0x0000000710b00000, 0x0000000710b00000, 0x0000000710c00000|  0%| F|  |TAMS 0x0000000710b00000, 0x0000000710b00000| Untracked 
| 252|0x0000000710c00000, 0x0000000710ccda50, 0x0000000710d00000| 80%| E|  |TAMS 0x0000000710c00000, 0x0000000710c00000| Complete 
| 253|0x0000000710d00000, 0x0000000710dfe618, 0x0000000710e00000| 99%| E|  |TAMS 0x0000000710d00000, 0x0000000710d00000| Complete 
| 254|0x0000000710e00000, 0x0000000710f00000, 0x0000000710f00000|100%| E|CS|TAMS 0x0000000710e00000, 0x0000000710e00000| Complete 
| 255|0x0000000710f00000, 0x0000000711000000, 0x0000000711000000|100%| E|CS|TAMS 0x0000000710f00000, 0x0000000710f00000| Complete 

Card table byte_map: [0x0000025f76be0000,0x0000025f773e0000] _byte_map_base: 0x0000025f733d8000

Marking Bits (Prev, Next): (CMBitMap*) 0x0000025f630c1de8, (CMBitMap*) 0x0000025f630c1e20
 Prev Bits: [0x0000025f77be0000, 0x0000025f7bba0000)
 Next Bits: [0x0000025f7bba0000, 0x0000025f7fb60000)

Polling page: 0x0000025f60dc0000

Metaspace:

Usage:
  Non-class:      5.68 MB capacity,     5.55 MB ( 98%) used,   123.56 KB (  2%) free+waste,     3.63 KB ( <1%) overhead. 
      Class:    574.00 KB capacity,   545.19 KB ( 95%) used,    27.06 KB (  5%) free+waste,     1.75 KB ( <1%) overhead. 
       Both:      6.24 MB capacity,     6.09 MB ( 98%) used,   150.63 KB (  2%) free+waste,     5.38 KB ( <1%) overhead. 

Virtual space:
  Non-class space:        8.00 MB reserved,       5.75 MB ( 72%) committed 
      Class space:        1.00 GB reserved,     640.00 KB ( <1%) committed 
             Both:        1.01 GB reserved,       6.38 MB ( <1%) committed 

Chunk freelists:
   Non-Class:  9.00 KB
       Class:  2.00 KB
        Both:  11.00 KB

MaxMetaspaceSize: 17179869184.00 GB
CompressedClassSpaceSize: 1.00 GB

CodeHeap 'non-profiled nmethods': size=119168Kb used=65Kb max_used=65Kb free=119103Kb
 bounds [0x0000025f6e6f0000, 0x0000025f6e960000, 0x0000025f75b50000]
CodeHeap 'profiled nmethods': size=119168Kb used=386Kb max_used=386Kb free=118781Kb
 bounds [0x0000025f67290000, 0x0000025f67500000, 0x0000025f6e6f0000]
CodeHeap 'non-nmethods': size=7424Kb used=2185Kb max_used=2197Kb free=5238Kb
 bounds [0x0000025f66b50000, 0x0000025f66dc0000, 0x0000025f67290000]
 total_blobs=622 nmethods=274 adapters=258
 compilation: enabled
              stopped_count=0, restarted_count=0
 full_count=0

Compilation events (20 events):
Event: 0.173 Thread 0x0000025f036d7000  266       3       java.util.zip.ZipUtils::CENCOM (9 bytes)
Event: 0.173 Thread 0x0000025f03831000  267       3       java.util.zip.ZipUtils::CENFLG (9 bytes)
Event: 0.173 Thread 0x0000025f038dd000 nmethod 265 0x0000025f672ecc90 code [0x0000025f672ece40, 0x0000025f672ecfd8]
Event: 0.173 Thread 0x0000025f036d7000 nmethod 266 0x0000025f672ed110 code [0x0000025f672ed2c0, 0x0000025f672ed458]
Event: 0.173 Thread 0x0000025f03831000 nmethod 267 0x0000025f672ed590 code [0x0000025f672ed740, 0x0000025f672ed8d8]
Event: 0.173 Thread 0x0000025f038dd000  268       3       java.util.zip.ZipUtils::CENSIG (8 bytes)
Event: 0.173 Thread 0x0000025f03831000  269       3       java.util.zip.ZipFile$Source::addEntry (33 bytes)
Event: 0.173 Thread 0x0000025f036d7000  270       3       java.util.zip.ZipFile$Source::isMetaName (141 bytes)
Event: 0.173 Thread 0x0000025f03831000 nmethod 269 0x0000025f672eda10 code [0x0000025f672edbc0, 0x0000025f672edd38]
Event: 0.173 Thread 0x0000025f03831000  271       3       java.lang.Math::max (11 bytes)
Event: 0.173 Thread 0x0000025f038dd000 nmethod 268 0x0000025f672ede90 code [0x0000025f672ee060, 0x0000025f672ee338]
Event: 0.173 Thread 0x0000025f03831000 nmethod 271 0x0000025f672ee510 code [0x0000025f672ee6c0, 0x0000025f672ee7f8]
Event: 0.173 Thread 0x0000025f036d2000 nmethod 261 0x0000025f6e700110 code [0x0000025f6e7002a0, 0x0000025f6e700338]
Event: 0.173 Thread 0x0000025f036d7000 nmethod 270 0x0000025f672ee890 code [0x0000025f672eea60, 0x0000025f672eef58]
Event: 0.175 Thread 0x0000025f038dd000  272       3       java.lang.Character::toUpperCaseEx (30 bytes)
Event: 0.175 Thread 0x0000025f03831000  273       3       java.lang.CharacterDataLatin1::toUpperCaseEx (71 bytes)
Event: 0.175 Thread 0x0000025f038dd000 nmethod 272 0x0000025f672ef110 code [0x0000025f672ef2e0, 0x0000025f672ef4d8]
Event: 0.175 Thread 0x0000025f03831000 nmethod 273 0x0000025f672ef590 code [0x0000025f672ef760, 0x0000025f672efa18]
Event: 0.176 Thread 0x0000025f036d7000  274       3       java.util.jar.Manifest$FastInputStream::readLine (296 bytes)
Event: 0.176 Thread 0x0000025f036d7000 nmethod 274 0x0000025f672efb90 code [0x0000025f672efdc0, 0x0000025f672f06a8]

GC Heap History (0 events):
No events

Deoptimization events (4 events):
Event: 0.093 Thread 0x0000025f6305b800 Uncommon trap: trap_request=0xffffff4d fr.pc=0x0000025f6e6f4120 relative=0x0000000000000200
Event: 0.093 Thread 0x0000025f6305b800 Uncommon trap: reason=unstable_if action=reinterpret pc=0x0000025f6e6f4120 method=java.lang.String.hashCode()I @ 14 c2
Event: 0.093 Thread 0x0000025f6305b800 DEOPT PACKING pc=0x0000025f6e6f4120 sp=0x0000009444dfd640
Event: 0.093 Thread 0x0000025f6305b800 DEOPT UNPACKING pc=0x0000025f66b77b2f sp=0x0000009444dfd5d8 mode 2

Classes redefined (0 events):
No events

Internal exceptions (0 events):
No events

Events (20 events):
Event: 0.172 loading class jdk/internal/loader/URLClassPath$1
Event: 0.172 loading class jdk/internal/loader/URLClassPath$1 done
Event: 0.173 loading class sun/net/www/protocol/http/Handler
Event: 0.173 loading class sun/net/www/protocol/http/Handler done
Event: 0.174 loading class org/apache/xmlrpc/DefaultXmlRpcTransportFactory
Event: 0.174 loading class org/apache/xmlrpc/DefaultXmlRpcTransportFactory done
Event: 0.174 loading class java/lang/reflect/InvocationTargetException
Event: 0.174 loading class java/lang/reflect/InvocationTargetException done
Event: 0.174 loading class java/lang/InstantiationException
Event: 0.174 loading class java/lang/InstantiationException done
Event: 0.174 loading class java/lang/IllegalAccessException
Event: 0.174 loading class java/lang/IllegalAccessException done
Event: 0.174 loading class org/apache/xmlrpc/XmlRpcClientException
Event: 0.174 loading class org/apache/xmlrpc/XmlRpcClientException done
Event: 0.175 loading class org/apache/xmlrpc/XmlRpcTransport
Event: 0.175 loading class org/apache/xmlrpc/XmlRpcTransport done
Event: 0.175 loading class org/apache/xmlrpc/util/HttpUtil
Event: 0.175 loading class org/apache/xmlrpc/util/HttpUtil done
Event: 0.175 loading class org/apache/commons/codec/EncoderException
Event: 0.175 loading class org/apache/commons/codec/EncoderException done


Dynamic libraries:
0x00007ff7c0150000 - 0x00007ff7c015a000 	I:\Programs\ST\jre\bin\java.exe
0x00007fff3e8d0000 - 0x00007fff3eac5000 	C:\WINDOWS\SYSTEM32\ntdll.dll
0x00007fff3e2c0000 - 0x00007fff3e37d000 	C:\WINDOWS\System32\KERNEL32.DLL
0x00007fff3c630000 - 0x00007fff3c8f9000 	C:\WINDOWS\System32\KERNELBASE.dll
0x00007fff3c2c0000 - 0x00007fff3c3c0000 	C:\WINDOWS\System32\ucrtbase.dll
0x00007fff25960000 - 0x00007fff25979000 	I:\Programs\ST\jre\bin\jli.dll
0x00007fff28660000 - 0x00007fff28677000 	I:\Programs\ST\jre\bin\VCRUNTIME140.dll
0x00007fff3e380000 - 0x00007fff3e520000 	C:\WINDOWS\System32\USER32.dll
0x00007fff3c290000 - 0x00007fff3c2b2000 	C:\WINDOWS\System32\win32u.dll
0x00007fff21130000 - 0x00007fff213ca000 	C:\WINDOWS\WinSxS\amd64_microsoft.windows.common-controls_6595b64144ccf1df_6.0.19041.1110_none_60b5254171f9507e\COMCTL32.dll
0x00007fff3d300000 - 0x00007fff3d32a000 	C:\WINDOWS\System32\GDI32.dll
0x00007fff3e5b0000 - 0x00007fff3e64e000 	C:\WINDOWS\System32\msvcrt.dll
0x00007fff3c3c0000 - 0x00007fff3c4cb000 	C:\WINDOWS\System32\gdi32full.dll
0x00007fff3c1f0000 - 0x00007fff3c28d000 	C:\WINDOWS\System32\msvcp_win.dll
0x00007fff3d330000 - 0x00007fff3d360000 	C:\WINDOWS\System32\IMM32.DLL
0x00007fff0ab80000 - 0x00007fff0ac1d000 	I:\Programs\ST\jre\bin\msvcp140.dll
0x00007fff07db0000 - 0x00007fff0887f000 	I:\Programs\ST\jre\bin\server\jvm.dll
0x00007fff3da90000 - 0x00007fff3db3c000 	C:\WINDOWS\System32\ADVAPI32.dll
0x00007fff3d360000 - 0x00007fff3d3fb000 	C:\WINDOWS\System32\sechost.dll
0x00007fff3d1d0000 - 0x00007fff3d2fa000 	C:\WINDOWS\System32\RPCRT4.dll
0x00007fff3dd90000 - 0x00007fff3dd98000 	C:\WINDOWS\System32\PSAPI.DLL
0x00007fff37b90000 - 0x00007fff37b99000 	C:\WINDOWS\SYSTEM32\WSOCK32.dll
0x00007fff306d0000 - 0x00007fff306f7000 	C:\WINDOWS\SYSTEM32\WINMM.dll
0x00007fff30700000 - 0x00007fff3070a000 	C:\WINDOWS\SYSTEM32\VERSION.dll
0x00007fff3e7f0000 - 0x00007fff3e85b000 	C:\WINDOWS\System32\WS2_32.dll
0x00007fff39ea0000 - 0x00007fff39eb2000 	C:\WINDOWS\SYSTEM32\kernel.appcore.dll
0x00007fff2e4f0000 - 0x00007fff2e501000 	I:\Programs\ST\jre\bin\verify.dll
0x00007fff30950000 - 0x00007fff30b34000 	C:\WINDOWS\SYSTEM32\DBGHELP.DLL
0x00007fff2ac50000 - 0x00007fff2ac7c000 	C:\WINDOWS\SYSTEM32\dbgcore.DLL
0x00007fff3c020000 - 0x00007fff3c0a3000 	C:\WINDOWS\System32\bcryptPrimitives.dll
0x00007fff2bbc0000 - 0x00007fff2bbe9000 	I:\Programs\ST\jre\bin\java.dll
0x00007fff35540000 - 0x00007fff3554b000 	I:\Programs\ST\jre\bin\jimage.dll
0x00007fff2bba0000 - 0x00007fff2bbb8000 	I:\Programs\ST\jre\bin\zip.dll
0x00007fff3c900000 - 0x00007fff3d03f000 	C:\WINDOWS\System32\SHELL32.dll
0x00007fff3a0a0000 - 0x00007fff3a830000 	C:\WINDOWS\SYSTEM32\windows.storage.dll
0x00007fff3dda0000 - 0x00007fff3e0f5000 	C:\WINDOWS\System32\combase.dll
0x00007fff3b8e0000 - 0x00007fff3b90c000 	C:\WINDOWS\SYSTEM32\Wldp.dll
0x00007fff3e190000 - 0x00007fff3e23e000 	C:\WINDOWS\System32\SHCORE.dll
0x00007fff3e790000 - 0x00007fff3e7e5000 	C:\WINDOWS\System32\shlwapi.dll
0x00007fff3bf10000 - 0x00007fff3bf2f000 	C:\WINDOWS\SYSTEM32\profapi.dll
0x00007fff2bb80000 - 0x00007fff2bb9a000 	I:\Programs\ST\jre\bin\net.dll
0x00007fff355a0000 - 0x00007fff356a8000 	C:\WINDOWS\SYSTEM32\WINHTTP.dll
0x00007fff3b660000 - 0x00007fff3b6ca000 	C:\WINDOWS\system32\mswsock.dll
0x00007fff2bb60000 - 0x00007fff2bb74000 	I:\Programs\ST\jre\bin\nio.dll

dbghelp: loaded successfully - version: 4.0.5 - missing functions: none
symbol engine: initialized successfully - sym options: 0x614 - pdb path: .;I:\Programs\ST\jre\bin;C:\WINDOWS\SYSTEM32;C:\WINDOWS\WinSxS\amd64_microsoft.windows.common-controls_6595b64144ccf1df_6.0.19041.1110_none_60b5254171f9507e;I:\Programs\ST\jre\bin\server

VM Arguments:
java_command: org.jetbrains.git4idea.http.GitAskPassApp Username for 'https://github.com': 
java_class_path (initial): I:/Programs/ST/plugins/git4idea/lib/git4idea-rt.jar;I:/Programs/ST/lib/xmlrpc-2.0.1.jar;I:/Programs/ST/lib/commons-codec-1.14.jar
Launcher Type: SUN_STANDARD

[Global flags]
     intx CICompilerCount                          = 12                                        {product} {ergonomic}
     uint ConcGCThreads                            = 3                                         {product} {ergonomic}
     uint G1ConcRefinementThreads                  = 13                                        {product} {ergonomic}
   size_t G1HeapRegionSize                         = 1048576                                   {product} {ergonomic}
    uintx GCDrainStackTargetSize                   = 64                                        {product} {ergonomic}
   size_t InitialHeapSize                          = 268435456                                 {product} {ergonomic}
   size_t MarkStackSize                            = 4194304                                   {product} {ergonomic}
   size_t MaxHeapSize                              = 4278190080                                {product} {ergonomic}
   size_t MaxNewSize                               = 2566914048                                {product} {ergonomic}
   size_t MinHeapDeltaBytes                        = 1048576                                   {product} {ergonomic}
    uintx NonNMethodCodeHeapSize                   = 7594288                                {pd product} {ergonomic}
    uintx NonProfiledCodeHeapSize                  = 122031976                              {pd product} {ergonomic}
    uintx ProfiledCodeHeapSize                     = 122031976                              {pd product} {ergonomic}
    uintx ReservedCodeCacheSize                    = 251658240                              {pd product} {ergonomic}
     bool SegmentedCodeCache                       = true                                      {product} {ergonomic}
     bool UseCompressedClassPointers               = true                                 {lp64_product} {ergonomic}
     bool UseCompressedOops                        = true                                 {lp64_product} {ergonomic}
     bool UseG1GC                                  = true                                      {product} {ergonomic}
     bool UseLargePagesIndividualAllocation        = false                                  {pd product} {ergonomic}

Logging:
Log output configuration:
 #0: stdout all=warning uptime,level,tags
 #1: stderr all=off uptime,level,tags

Environment Variables:
JAVA_HOME=C:\Program Files\Java\jdk1.8.0_291
PATH=C:\Program Files\Git\mingw64\libexec\git-core;C:\Program Files\Git\mingw64\libexec\git-core;C:\Program Files\Git\mingw64\bin;C:\Program Files\Git\usr\bin;C:\Users\GO\bin;C:\Program Files (x86)\Common Files\Oracle\Java\javapath;C:\Program Files (x86)\Common Files\Intel\Shared Libraries\redist\intel64\compiler;C:\WINDOWS\system32;C:\WINDOWS;C:\WINDOWS\System32\Wbem;C:\WINDOWS\System32\WindowsPowerShell\v1.0;C:\WINDOWS\System32\OpenSSH;C:\adb;C:\Program Files\OneScript\bin;C:\Program Files\nodejs;C:\adb;C:\Gradle\gradle-6.7.1\bin;C:\Program Files\Java\jdk1.8.0_291\bin;C:\Program Files (x86)\Common Files\Acronis\SnapAPI;C:\Program Files (x86)\GitExtensions;C:\Program Files\Git\cmd;C:\Program Files (x86)\Common Files\Oracle\Java\javapath;C:\Program Files (x86)\Common Files\Intel\Shared Libraries\redist\intel64\compiler;C:\WINDOWS\system32;C:\WINDOWS;C:\WINDOWS\System32\Wbem;C:\WINDOWS\System32\WindowsPowerShell\v1.0;C:\WINDOWS\System32\OpenSSH;C:\adb;C:\Program Files\OneScript\bin;C:\Program Files\nodejs;C:\adb;C:\Gradle\gradle-6.7.1\bin;C:\Program Files\Java\jdk1.8.0_291\bin;C:\Users\GO\AppData\Local\Microsoft\WindowsApps;C:\Users\GO\AppData\Roaming\npm;C:\Users\GO\AppData\Local\Android\Sdk\platform-tools;C:\Users\GO\AppData\Local\Android\Sdk\tools;C:\Users\GO\AppData\Local\Android\Sdk\tools;C:\Users\GO\AppData\Local\Android\Sdk\platform-tools;C:\Users\GO\AppData\Local\GitHubDesktop\bin;I:\Programs\PyCharm 2020.2.3\bin
USERNAME=GO
DISPLAY=:0.0
LC_ALL=en_US.UTF-8
OS=Windows_NT
PROCESSOR_IDENTIFIER=AMD64 Family 23 Model 1 Stepping 1, AuthenticAMD



---------------  S Y S T E M  ---------------

OS: Windows 10 , 64 bit Build 19041 (10.0.19041.1151)
OS uptime: 0 days 2:52 hours
Hyper-V role detected

CPU:total 16 (initial active 16) (16 cores per cpu, 2 threads per core) family 23 model 1 stepping 1 microcode 0x0, cmov, cx8, fxsr, mmx, sse, sse2, sse3, ssse3, sse4.1, sse4.2, popcnt, avx, avx2, aes, clmul, mmxext, 3dnowpref, lzcnt, sse4a, ht, tsc, tscinvbit, tscinv, bmi1, bmi2, adx, s

Memory: 4k page, system-wide physical 16316M (3963M free)
TotalPageFile size 42633M (AvailPageFile size 25570M)
current process WorkingSet (physical memory assigned to process): 46M, peak: 46M
current process commit charge ("private bytes"): 352M, peak: 352M

vm_info: OpenJDK 64-Bit Server VM (11.0.10+0-b96-7249189) for windows-amd64 JRE (11.0.10+0-b96-7249189), built on Mar 31 2021 21:44:00 by "builder" with MS VC++ 14.0 (VS2015)

END.
