#
# There is insufficient memory for the Java Runtime Environment to continue.
# Native memory allocation (mmap) failed to map 268435456 bytes for Failed to commit area from 0x0000000701000000 to 0x0000000711000000 of length 268435456.
# Possible reasons:
#   The system is out of physical RAM or swap space
#   The process is running with CompressedOops enabled, and the Java Heap may be blocking the growth of the native heap
# Possible solutions:
#   Reduce memory load on the system
#   Increase physical memory or swap space
#   Check if swap backing store is full
#   Decrease Java heap size (-Xmx/-Xms)
#   Decrease number of Java threads
#   Decrease Java thread stack sizes (-Xss)
#   Set larger code cache with -XX:ReservedCodeCacheSize=
# This output file may be truncated or incomplete.
#
#  Out of Memory Error (./src/hotspot/os/windows/os_windows.cpp:3301), pid=97552, tid=102048
#
# JRE version:  (11.0.10) (build )
# Java VM: OpenJDK 64-Bit Server VM (11.0.10+0-b96-7249189, mixed mode, sharing, tiered, compressed oops, g1 gc, windows-amd64)
# No core dump will be written. Minidumps are not enabled by default on client versions of Windows
#

---------------  S U M M A R Y ------------

Command Line: org.jetbrains.kotlin.cli.jvm.K2JVMCompiler @S:\Android\Repository\app\build\20220203_5704889886172279124.compiler.options

Host: AMD Ryzen 7 1700 Eight-Core Processor          , 16 cores, 15G,  Windows 10 , 64 bit Build 19041 (10.0.19041.1466)
Time: Thu Feb  3 16:17:30 2022 RTZ 2 (зима) elapsed time: 0.014320 seconds (0d 0h 0m 0s)

---------------  T H R E A D  ---------------

Current thread (0x000001c3602b9000):  JavaThread "Unknown thread" [_thread_in_vm, id=102048, stack(0x0000003fc3d00000,0x0000003fc3e00000)]

Stack: [0x0000003fc3d00000,0x0000003fc3e00000]
Native frames: (J=compiled Java code, j=interpreted, Vv=VM code, C=native code)
V  [jvm.dll+0x5ecfaa]
V  [jvm.dll+0x722bd5]
V  [jvm.dll+0x72412d]
V  [jvm.dll+0x7247e3]
V  [jvm.dll+0x242928]
V  [jvm.dll+0x5ea374]
V  [jvm.dll+0x5df425]
V  [jvm.dll+0x2fdebb]
V  [jvm.dll+0x2fde2a]
V  [jvm.dll+0x2fdd02]
V  [jvm.dll+0x302bf6]
V  [jvm.dll+0x34b2a3]
V  [jvm.dll+0x34b9a6]
V  [jvm.dll+0x34b3a3]
V  [jvm.dll+0x2d8888]
V  [jvm.dll+0x2d9a37]
V  [jvm.dll+0x701737]
V  [jvm.dll+0x702f2c]
V  [jvm.dll+0x3587d9]
V  [jvm.dll+0x6e4fae]
V  [jvm.dll+0x3c0be3]
V  [jvm.dll+0x3c2e91]
C  [jli.dll+0x5373]
C  [ucrtbase.dll+0x21bb2]
C  [KERNEL32.DLL+0x17034]
C  [ntdll.dll+0x52651]


---------------  P R O C E S S  ---------------

Threads class SMR info:
_java_thread_list=0x000001c3600e1490, length=0, elements={
}

Java Threads: ( => current thread )

Other Threads:
  0x000001c3602d2000 GCTaskThread "GC Thread#0" [stack: 0x0000003fc3e00000,0x0000003fc3f00000] [id=100140]
  0x000001c360331800 ConcurrentGCThread "G1 Main Marker" [stack: 0x0000003fc3f00000,0x0000003fc4000000] [id=116536]
  0x000001c360333800 ConcurrentGCThread "G1 Conc#0" [stack: 0x0000003fc4000000,0x0000003fc4100000] [id=103732]

[error occurred during error reporting (printing all threads), id 0xc0000005, EXCEPTION_ACCESS_VIOLATION (0xc0000005) at pc=0x00007ffb1e269107]

VM state:not at safepoint (not fully initialized)

VM Mutex/Monitor currently owned by a thread:  ([mutex/lock_event])
[0x000001c3602b6780] Heap_lock - owner thread: 0x000001c3602b9000

Heap address: 0x0000000701000000, size: 4080 MB, Compressed Oops mode: Non-zero based: 0x0000000701000000
Narrow klass base: 0x0000000000000000, Narrow klass shift: 0

GC Heap History (0 events):
No events

Deoptimization events (0 events):
No events

Classes redefined (0 events):
No events

Internal exceptions (0 events):
No events

Events (1 events):
Event: 0.009 Loaded shared library S:\Programs\Android Studio\jre\bin\zip.dll


Dynamic libraries:
0x00007ff6b40b0000 - 0x00007ff6b40ba000 	S:\Programs\Android Studio\jre\bin\java.exe
0x00007ffb5bcf0000 - 0x00007ffb5bee5000 	C:\Windows\SYSTEM32\ntdll.dll
0x00007ffb59d80000 - 0x00007ffb59e3e000 	C:\Windows\System32\KERNEL32.DLL
0x00007ffb598e0000 - 0x00007ffb59ba8000 	C:\Windows\System32\KERNELBASE.dll
0x00007ffb593d0000 - 0x00007ffb594d0000 	C:\Windows\System32\ucrtbase.dll
0x00007ffb3ef80000 - 0x00007ffb3ef97000 	S:\Programs\Android Studio\jre\bin\VCRUNTIME140.dll
0x00007ffb4b6e0000 - 0x00007ffb4b6f9000 	S:\Programs\Android Studio\jre\bin\jli.dll
0x00007ffb5aed0000 - 0x00007ffb5b071000 	C:\Windows\System32\USER32.dll
0x00007ffb594d0000 - 0x00007ffb594f2000 	C:\Windows\System32\win32u.dll
0x00007ffb580b0000 - 0x00007ffb5834a000 	C:\Windows\WinSxS\amd64_microsoft.windows.common-controls_6595b64144ccf1df_6.0.19041.1110_none_60b5254171f9507e\COMCTL32.dll
0x00007ffb5a660000 - 0x00007ffb5a68b000 	C:\Windows\System32\GDI32.dll
0x00007ffb5a6a0000 - 0x00007ffb5a73e000 	C:\Windows\System32\msvcrt.dll
0x00007ffb59500000 - 0x00007ffb5960d000 	C:\Windows\System32\gdi32full.dll
0x00007ffb59bb0000 - 0x00007ffb59c4d000 	C:\Windows\System32\msvcp_win.dll
0x00007ffb59e40000 - 0x00007ffb59e70000 	C:\Windows\System32\IMM32.DLL
0x00007ffb37b40000 - 0x00007ffb37bdd000 	S:\Programs\Android Studio\jre\bin\msvcp140.dll
0x00007ffb1df80000 - 0x00007ffb1ea4f000 	S:\Programs\Android Studio\jre\bin\server\jvm.dll
0x00007ffb5b350000 - 0x00007ffb5b3fe000 	C:\Windows\System32\ADVAPI32.dll
0x00007ffb5b120000 - 0x00007ffb5b1bc000 	C:\Windows\System32\sechost.dll
0x00007ffb5b220000 - 0x00007ffb5b345000 	C:\Windows\System32\RPCRT4.dll
0x00007ffb5aec0000 - 0x00007ffb5aec8000 	C:\Windows\System32\PSAPI.DLL
0x00007ffb54da0000 - 0x00007ffb54da9000 	C:\Windows\SYSTEM32\WSOCK32.dll
0x00007ffb578e0000 - 0x00007ffb57907000 	C:\Windows\SYSTEM32\WINMM.dll
0x00007ffb4f0c0000 - 0x00007ffb4f0ca000 	C:\Windows\SYSTEM32\VERSION.dll
0x00007ffb5ad70000 - 0x00007ffb5addb000 	C:\Windows\System32\WS2_32.dll
0x00007ffb56fd0000 - 0x00007ffb56fe2000 	C:\Windows\SYSTEM32\kernel.appcore.dll
0x00007ffb50950000 - 0x00007ffb50961000 	S:\Programs\Android Studio\jre\bin\verify.dll
0x00007ffb51740000 - 0x00007ffb51924000 	C:\Windows\SYSTEM32\DBGHELP.DLL
0x00007ffb424c0000 - 0x00007ffb424ec000 	C:\Windows\SYSTEM32\dbgcore.DLL
0x00007ffb59850000 - 0x00007ffb598d2000 	C:\Windows\System32\bcryptPrimitives.dll
0x00007ffb4cd50000 - 0x00007ffb4cd79000 	S:\Programs\Android Studio\jre\bin\java.dll
0x00007ffb54b20000 - 0x00007ffb54b2b000 	S:\Programs\Android Studio\jre\bin\jimage.dll
0x00007ffb47760000 - 0x00007ffb47778000 	S:\Programs\Android Studio\jre\bin\zip.dll

dbghelp: loaded successfully - version: 4.0.5 - missing functions: none
symbol engine: initialized successfully - sym options: 0x614 - pdb path: .;S:\Programs\Android Studio\jre\bin;C:\Windows\SYSTEM32;C:\Windows\WinSxS\amd64_microsoft.windows.common-controls_6595b64144ccf1df_6.0.19041.1110_none_60b5254171f9507e;S:\Programs\Android Studio\jre\bin\server

VM Arguments:
java_command: org.jetbrains.kotlin.cli.jvm.K2JVMCompiler @S:\Android\Repository\app\build\20220203_5704889886172279124.compiler.options
java_class_path (initial): S:\Android\gradle\caches\modules-2\files-2.1\org.jetbrains.kotlin\kotlin-compiler-embeddable\1.6.10\88f2073f4020cdb83132cfe940ceb9a60aba54ea\kotlin-compiler-embeddable-1.6.10.jar;S:\Android\gradle\caches\modules-2\files-2.1\org.jetbrains.kotlin\kotlin-reflect\1.6.10\1cbe9c92c12a94eea200d23c2bbaedaf3daf5132\kotlin-reflect-1.6.10.jar;S:\Android\gradle\caches\modules-2\files-2.1\org.jetbrains.kotlin\kotlin-stdlib\1.6.10\b8af3fe6f1ca88526914929add63cf5e7c5049af\kotlin-stdlib-1.6.10.jar;S:\Android\gradle\caches\modules-2\files-2.1\org.jetbrains.kotlin\kotlin-script-runtime\1.6.10\d0a7ff2e2500ef497ed0214ae40ad3c8387a6164\kotlin-script-runtime-1.6.10.jar;S:\Android\gradle\caches\modules-2\files-2.1\org.jetbrains.kotlin\kotlin-daemon-embeddable\1.6.10\a56d79bcbea411fa6058e4ecffc2de73e742bd2a\kotlin-daemon-embeddable-1.6.10.jar;S:\Android\gradle\caches\modules-2\files-2.1\org.jetbrains.intellij.deps\trove4j\1.0.20181211\216c2e14b070f334479d800987affe4054cd563f\trove4j-1.0.20181211.jar;S:\Android\gradle\caches\modules-2\files-2.1\net.java.dev.jna\jna\5.6.0\330f2244e9030119ab3030fc3fededc86713d9cc\jna-5.6.0.jar;S:\Android\gradle\caches\modules-2\files-2.1\org.jetbrains\annotations\13.0\919f0dfe192fb4e063e7dacadee7f8bb9a2672a9\annotations-13.0.jar;S:\Android\gradle\caches\modules-2\files-2.1\org.jetbrains.kotlin\kotlin-stdlib-common\1.6.10\c118700e3a33c8a0d9adc920e9dec0831171925\kotlin-stdlib-common-1.6.10.jar
Launcher Type: SUN_STANDARD

[Global flags]
     intx CICompilerCount                          = 12                                        {product} {ergonomic}
     uint ConcGCThreads                            = 3                                         {product} {ergonomic}
     uint G1ConcRefinementThreads                  = 13                                        {product} {ergonomic}
   size_t G1HeapRegionSize                         = 1048576                                   {product} {ergonomic}
    uintx GCDrainStackTargetSize                   = 64                                        {product} {ergonomic}
   size_t InitialHeapSize                          = 268435456                                 {product} {ergonomic}
   size_t MarkStackSize                            = 4194304                                   {product} {ergonomic}
   size_t MaxHeapSize                              = 4278190080                                {product} {ergonomic}
   size_t MinHeapDeltaBytes                        = 1048576                                   {product} {ergonomic}
    uintx NonNMethodCodeHeapSize                   = 7594288                                {pd product} {ergonomic}
    uintx NonProfiledCodeHeapSize                  = 122031976                              {pd product} {ergonomic}
    uintx ProfiledCodeHeapSize                     = 122031976                              {pd product} {ergonomic}
    uintx ReservedCodeCacheSize                    = 251658240                              {pd product} {ergonomic}
     bool SegmentedCodeCache                       = true                                      {product} {ergonomic}
     bool UseCompressedClassPointers               = true                                 {lp64_product} {ergonomic}
     bool UseCompressedOops                        = true                                 {lp64_product} {ergonomic}
     bool UseG1GC                                  = true                                      {product} {ergonomic}
     bool UseLargePagesIndividualAllocation        = false                                  {pd product} {ergonomic}

Logging:
Log output configuration:
 #0: stdout all=warning uptime,level,tags
 #1: stderr all=off uptime,level,tags

Environment Variables:
JAVA_HOME=C:\Program Files\Java\jdk1.8.0_202
PATH=C:\Program Files (x86)\Common Files\Oracle\Java\javapath;C:\Windows\system32;C:\Windows;C:\Windows\System32\Wbem;C:\Windows\System32\WindowsPowerShell\v1.0\;C:\Windows\System32\OpenSSH\;C:\Program Files\Git\cmd;C:\Users\nauka\AppData\Local\Microsoft\WindowsApps;
USERNAME=nauka
OS=Windows_NT
PROCESSOR_IDENTIFIER=AMD64 Family 23 Model 1 Stepping 1, AuthenticAMD



---------------  S Y S T E M  ---------------

OS: Windows 10 , 64 bit Build 19041 (10.0.19041.1466)
OS uptime: 2 days 21:24 hours

CPU:total 16 (initial active 16) (16 cores per cpu, 2 threads per core) family 23 model 1 stepping 1 microcode 0x0, cmov, cx8, fxsr, mmx, sse, sse2, sse3, ssse3, sse4.1, sse4.2, popcnt, avx, avx2, aes, clmul, mmxext, 3dnowpref, lzcnt, sse4a, ht, tsc, tscinvbit, tscinv, bmi1, bmi2, adx, s

Memory: 4k page, system-wide physical 16316M (2415M free)
TotalPageFile size 28816M (AvailPageFile size 185M)
current process WorkingSet (physical memory assigned to process): 10M, peak: 10M
current process commit charge ("private bytes"): 71M, peak: 327M

vm_info: OpenJDK 64-Bit Server VM (11.0.10+0-b96-7249189) for windows-amd64 JRE (11.0.10+0-b96-7249189), built on Mar 31 2021 21:44:00 by "builder" with MS VC++ 14.0 (VS2015)

END.
